0 info it worked if it ends with ok
1 verbose cli [ 'C:\\Program Files\\nodejs\\node.exe',
1 verbose cli   'C:\\Program Files\\nodejs\\node_modules\\npm\\bin\\npm-cli.js',
1 verbose cli   'link',
1 verbose cli   '--no-bin-links' ]
2 info using npm@3.10.10
3 info using node@v6.11.2
4 verbose linkPkg C:\Users\samke\Documents\Projects\droplit\droplit.io-edge\projects\droplit-plugin-apa102c
5 silly gentlyRm C:\Users\samke\AppData\Roaming\npm\node_modules\droplit-plugin-apa102c is being purged
6 verbose gentlyRm don't care about contents; nuking C:\Users\samke\AppData\Roaming\npm\node_modules\droplit-plugin-apa102c
7 verbose link build target C:\Users\samke\AppData\Roaming\npm\node_modules\droplit-plugin-apa102c
8 silly loadCurrentTree Starting
9 silly install loadCurrentTree
10 silly install readLocalPackageData
11 silly install normalizeTree
12 silly loadCurrentTree Finishing
13 silly loadIdealTree Starting
14 silly install loadIdealTree
15 silly cloneCurrentTree Starting
16 silly install cloneCurrentTreeToIdealTree
17 silly cloneCurrentTree Finishing
18 silly loadShrinkwrap Starting
19 silly install loadShrinkwrap
20 silly loadShrinkwrap Finishing
21 silly loadAllDepsIntoIdealTree Starting
22 silly install loadAllDepsIntoIdealTree
23 silly fetchDirectoryPackageData droplit-plugin
24 silly fetchNamedPackageData rpio
25 silly mapToRegistry name rpio
26 silly mapToRegistry using default registry
27 silly mapToRegistry registry https://registry.npmjs.org/
28 silly mapToRegistry data Result {
28 silly mapToRegistry   raw: 'rpio',
28 silly mapToRegistry   scope: null,
28 silly mapToRegistry   escapedName: 'rpio',
28 silly mapToRegistry   name: 'rpio',
28 silly mapToRegistry   rawSpec: '',
28 silly mapToRegistry   spec: 'latest',
28 silly mapToRegistry   type: 'tag' }
29 silly mapToRegistry uri https://registry.npmjs.org/rpio
30 verbose request uri https://registry.npmjs.org/rpio
31 verbose request no auth needed
32 info attempt registry request try #1 at 3:18:55 PM
33 verbose request id ddc8e7e2701d3254
34 verbose etag "5a5225ba-1a7c8"
35 verbose lastModified Sun, 7 Jan 2018 13:50:50 GMT
36 http request GET https://registry.npmjs.org/rpio
37 silly resolveWithNewModule droplit-plugin@2.0.6 checking installable status
38 silly cache add args [ 'droplit-plugin@../droplit-plugin', null ]
39 verbose cache add spec droplit-plugin@../droplit-plugin
40 silly cache add parsed spec Result {
40 silly cache add   raw: 'droplit-plugin@../droplit-plugin',
40 silly cache add   scope: null,
40 silly cache add   escapedName: 'droplit-plugin',
40 silly cache add   name: 'droplit-plugin',
40 silly cache add   rawSpec: '../droplit-plugin',
40 silly cache add   spec: 'C:\\Users\\samke\\Documents\\Projects\\droplit\\droplit.io-edge\\projects\\droplit-plugin',
40 silly cache add   type: 'directory' }
41 verbose addLocalDirectory C:\Users\samke\AppData\Roaming\npm-cache\droplit-plugin\2.0.6\package.tgz not in flight; packing
42 verbose correctMkdir C:\Users\samke\AppData\Roaming\npm-cache correctMkdir not in flight; initializing
43 info lifecycle droplit-plugin@2.0.6~prepublish: droplit-plugin@2.0.6
44 silly lifecycle droplit-plugin@2.0.6~prepublish: no script for prepublish, continuing
45 verbose tar pack [ 'C:\\Users\\samke\\AppData\\Roaming\\npm-cache\\droplit-plugin\\2.0.6\\package.tgz',
45 verbose tar pack   'C:\\Users\\samke\\Documents\\Projects\\droplit\\droplit.io-edge\\projects\\droplit-plugin' ]
46 verbose tarball C:\Users\samke\AppData\Roaming\npm-cache\droplit-plugin\2.0.6\package.tgz
47 verbose folder C:\Users\samke\Documents\Projects\droplit\droplit.io-edge\projects\droplit-plugin
48 verbose addLocalTarball adding from inside cache C:\Users\samke\AppData\Roaming\npm-cache\droplit-plugin\2.0.6\package.tgz
49 verbose correctMkdir C:\Users\samke\AppData\Roaming\npm-cache correctMkdir not in flight; initializing
50 http 304 https://registry.npmjs.org/rpio
51 verbose headers { date: 'Mon, 15 Jan 2018 20:18:57 GMT',
51 verbose headers   via: '1.1 varnish',
51 verbose headers   'cache-control': 'max-age=300',
51 verbose headers   etag: '"5a5225ba-1a7c8"',
51 verbose headers   age: '79',
51 verbose headers   connection: 'keep-alive',
51 verbose headers   'x-served-by': 'cache-mia17621-MIA',
51 verbose headers   'x-cache': 'HIT',
51 verbose headers   'x-cache-hits': '1',
51 verbose headers   'x-timer': 'S1516047537.230178,VS0,VE0',
51 verbose headers   vary: 'Accept-Encoding, Accept' }
52 silly get cb [ 304,
52 silly get   { date: 'Mon, 15 Jan 2018 20:18:57 GMT',
52 silly get     via: '1.1 varnish',
52 silly get     'cache-control': 'max-age=300',
52 silly get     etag: '"5a5225ba-1a7c8"',
52 silly get     age: '79',
52 silly get     connection: 'keep-alive',
52 silly get     'x-served-by': 'cache-mia17621-MIA',
52 silly get     'x-cache': 'HIT',
52 silly get     'x-cache-hits': '1',
52 silly get     'x-timer': 'S1516047537.230178,VS0,VE0',
52 silly get     vary: 'Accept-Encoding, Accept' } ]
53 verbose etag https://registry.npmjs.org/rpio from cache
54 verbose get saving rpio to C:\Users\samke\AppData\Roaming\npm-cache\registry.npmjs.org\rpio\.cache.json
55 verbose correctMkdir C:\Users\samke\AppData\Roaming\npm-cache correctMkdir not in flight; initializing
56 silly cache afterAdd droplit-plugin@2.0.6
57 verbose afterAdd C:\Users\samke\AppData\Roaming\npm-cache\droplit-plugin\2.0.6\package\package.json not in flight; writing
58 verbose correctMkdir C:\Users\samke\AppData\Roaming\npm-cache correctMkdir not in flight; initializing
59 silly resolveWithNewModule rpio@0.9.20 checking installable status
60 silly cache add args [ 'rpio@^0.9.19', null ]
61 verbose cache add spec rpio@^0.9.19
62 silly cache add parsed spec Result {
62 silly cache add   raw: 'rpio@^0.9.19',
62 silly cache add   scope: null,
62 silly cache add   escapedName: 'rpio',
62 silly cache add   name: 'rpio',
62 silly cache add   rawSpec: '^0.9.19',
62 silly cache add   spec: '>=0.9.19 <0.10.0',
62 silly cache add   type: 'range' }
63 silly addNamed rpio@>=0.9.19 <0.10.0
64 verbose addNamed ">=0.9.19 <0.10.0" is a valid semver range for rpio
65 silly addNameRange { name: 'rpio', range: '>=0.9.19 <0.10.0', hasData: false }
66 silly mapToRegistry name rpio
67 silly mapToRegistry using default registry
68 silly mapToRegistry registry https://registry.npmjs.org/
69 silly mapToRegistry data Result {
69 silly mapToRegistry   raw: 'rpio',
69 silly mapToRegistry   scope: null,
69 silly mapToRegistry   escapedName: 'rpio',
69 silly mapToRegistry   name: 'rpio',
69 silly mapToRegistry   rawSpec: '',
69 silly mapToRegistry   spec: 'latest',
69 silly mapToRegistry   type: 'tag' }
70 silly mapToRegistry uri https://registry.npmjs.org/rpio
71 verbose addNameRange registry:https://registry.npmjs.org/rpio not in flight; fetching
72 verbose get https://registry.npmjs.org/rpio not expired, no request
73 silly addNameRange number 2 { name: 'rpio', range: '>=0.9.19 <0.10.0', hasData: true }
74 silly addNameRange versions [ 'rpio',
74 silly addNameRange   [ '0.0.1',
74 silly addNameRange     '0.0.2',
74 silly addNameRange     '0.0.3',
74 silly addNameRange     '0.0.4',
74 silly addNameRange     '0.0.5',
74 silly addNameRange     '0.0.6',
74 silly addNameRange     '0.0.7',
74 silly addNameRange     '0.0.8',
74 silly addNameRange     '0.0.9',
74 silly addNameRange     '0.0.10',
74 silly addNameRange     '0.1.0',
74 silly addNameRange     '0.1.1',
74 silly addNameRange     '0.1.2',
74 silly addNameRange     '0.2.0',
74 silly addNameRange     '0.2.1',
74 silly addNameRange     '0.2.2',
74 silly addNameRange     '0.2.3',
74 silly addNameRange     '0.3.0',
74 silly addNameRange     '0.3.1',
74 silly addNameRange     '0.4.0',
74 silly addNameRange     '0.4.1',
74 silly addNameRange     '0.4.2',
74 silly addNameRange     '0.4.3',
74 silly addNameRange     '0.4.4',
74 silly addNameRange     '0.4.5',
74 silly addNameRange     '0.5.0',
74 silly addNameRange     '0.5.1',
74 silly addNameRange     '0.6.0',
74 silly addNameRange     '0.6.1',
74 silly addNameRange     '0.6.2',
74 silly addNameRange     '0.6.3',
74 silly addNameRange     '0.6.4',
74 silly addNameRange     '0.6.5',
74 silly addNameRange     '0.6.6',
74 silly addNameRange     '0.7.0',
74 silly addNameRange     '0.8.0',
74 silly addNameRange     '0.8.1',
74 silly addNameRange     '0.8.2',
74 silly addNameRange     '0.8.3',
74 silly addNameRange     '0.8.4',
74 silly addNameRange     '0.8.5',
74 silly addNameRange     '0.8.6',
74 silly addNameRange     '0.8.7',
74 silly addNameRange     '0.8.8',
74 silly addNameRange     '0.8.9',
74 silly addNameRange     '0.8.10',
74 silly addNameRange     '0.8.11',
74 silly addNameRange     '0.9.0',
74 silly addNameRange     '0.9.1',
74 silly addNameRange     '0.9.2',
74 silly addNameRange     '0.9.3',
74 silly addNameRange     '0.9.4',
74 silly addNameRange     '0.9.5',
74 silly addNameRange     '0.9.6',
74 silly addNameRange     '0.9.7',
74 silly addNameRange     '0.9.8',
74 silly addNameRange     '0.9.9',
74 silly addNameRange     '0.9.10',
74 silly addNameRange     '0.9.11',
74 silly addNameRange     '0.9.12',
74 silly addNameRange     '0.9.13',
74 silly addNameRange     '0.9.14',
74 silly addNameRange     '0.9.15',
74 silly addNameRange     '0.9.16',
74 silly addNameRange     '0.9.17',
74 silly addNameRange     '0.9.18',
74 silly addNameRange     '0.9.19',
74 silly addNameRange     '0.9.20' ] ]
75 silly addNamed rpio@0.9.20
76 verbose addNamed "0.9.20" is a plain semver version for rpio
77 silly cache afterAdd rpio@0.9.20
78 verbose afterAdd C:\Users\samke\AppData\Roaming\npm-cache\rpio\0.9.20\package\package.json not in flight; writing
79 verbose correctMkdir C:\Users\samke\AppData\Roaming\npm-cache correctMkdir not in flight; initializing
80 verbose afterAdd C:\Users\samke\AppData\Roaming\npm-cache\droplit-plugin\2.0.6\package\package.json written
81 verbose afterAdd C:\Users\samke\AppData\Roaming\npm-cache\rpio\0.9.20\package\package.json written
82 silly fetchNamedPackageData bindings
83 silly mapToRegistry name bindings
84 silly mapToRegistry using default registry
85 silly mapToRegistry registry https://registry.npmjs.org/
86 silly mapToRegistry data Result {
86 silly mapToRegistry   raw: 'bindings',
86 silly mapToRegistry   scope: null,
86 silly mapToRegistry   escapedName: 'bindings',
86 silly mapToRegistry   name: 'bindings',
86 silly mapToRegistry   rawSpec: '',
86 silly mapToRegistry   spec: 'latest',
86 silly mapToRegistry   type: 'tag' }
87 silly mapToRegistry uri https://registry.npmjs.org/bindings
88 silly fetchNamedPackageData nan
89 silly mapToRegistry name nan
90 silly mapToRegistry using default registry
91 silly mapToRegistry registry https://registry.npmjs.org/
92 silly mapToRegistry data Result {
92 silly mapToRegistry   raw: 'nan',
92 silly mapToRegistry   scope: null,
92 silly mapToRegistry   escapedName: 'nan',
92 silly mapToRegistry   name: 'nan',
92 silly mapToRegistry   rawSpec: '',
92 silly mapToRegistry   spec: 'latest',
92 silly mapToRegistry   type: 'tag' }
93 silly mapToRegistry uri https://registry.npmjs.org/nan
94 verbose request uri https://registry.npmjs.org/bindings
95 verbose request no auth needed
96 info attempt registry request try #1 at 3:18:55 PM
97 verbose etag "5a1d3205-4c42"
98 verbose lastModified Tue, 28 Nov 2017 9:53:09 GMT
99 http request GET https://registry.npmjs.org/bindings
100 verbose request uri https://registry.npmjs.org/nan
101 verbose request no auth needed
102 info attempt registry request try #1 at 3:18:55 PM
103 verbose etag "5a3ad7f1-20c2f"
104 verbose lastModified Wed, 20 Dec 2017 21:36:49 GMT
105 http request GET https://registry.npmjs.org/nan
106 http 304 https://registry.npmjs.org/bindings
107 verbose headers { date: 'Mon, 15 Jan 2018 20:18:57 GMT',
107 verbose headers   via: '1.1 varnish',
107 verbose headers   'cache-control': 'max-age=300',
107 verbose headers   etag: '"5a1d3205-4c42"',
107 verbose headers   age: '3813',
107 verbose headers   connection: 'keep-alive',
107 verbose headers   'x-served-by': 'cache-mia17621-MIA',
107 verbose headers   'x-cache': 'HIT',
107 verbose headers   'x-cache-hits': '2',
107 verbose headers   'x-timer': 'S1516047537.303935,VS0,VE0',
107 verbose headers   vary: 'Accept-Encoding, Accept' }
108 silly get cb [ 304,
108 silly get   { date: 'Mon, 15 Jan 2018 20:18:57 GMT',
108 silly get     via: '1.1 varnish',
108 silly get     'cache-control': 'max-age=300',
108 silly get     etag: '"5a1d3205-4c42"',
108 silly get     age: '3813',
108 silly get     connection: 'keep-alive',
108 silly get     'x-served-by': 'cache-mia17621-MIA',
108 silly get     'x-cache': 'HIT',
108 silly get     'x-cache-hits': '2',
108 silly get     'x-timer': 'S1516047537.303935,VS0,VE0',
108 silly get     vary: 'Accept-Encoding, Accept' } ]
109 verbose etag https://registry.npmjs.org/bindings from cache
110 verbose get saving bindings to C:\Users\samke\AppData\Roaming\npm-cache\registry.npmjs.org\bindings\.cache.json
111 verbose correctMkdir C:\Users\samke\AppData\Roaming\npm-cache correctMkdir not in flight; initializing
112 silly resolveWithNewModule bindings@1.3.0 checking installable status
113 silly cache add args [ 'bindings@*', null ]
114 verbose cache add spec bindings@*
115 silly cache add parsed spec Result {
115 silly cache add   raw: 'bindings@*',
115 silly cache add   scope: null,
115 silly cache add   escapedName: 'bindings',
115 silly cache add   name: 'bindings',
115 silly cache add   rawSpec: '*',
115 silly cache add   spec: '*',
115 silly cache add   type: 'range' }
116 silly addNamed bindings@*
117 verbose addNamed "*" is a valid semver range for bindings
118 silly addNameRange { name: 'bindings', range: '*', hasData: false }
119 silly mapToRegistry name bindings
120 silly mapToRegistry using default registry
121 silly mapToRegistry registry https://registry.npmjs.org/
122 silly mapToRegistry data Result {
122 silly mapToRegistry   raw: 'bindings',
122 silly mapToRegistry   scope: null,
122 silly mapToRegistry   escapedName: 'bindings',
122 silly mapToRegistry   name: 'bindings',
122 silly mapToRegistry   rawSpec: '',
122 silly mapToRegistry   spec: 'latest',
122 silly mapToRegistry   type: 'tag' }
123 silly mapToRegistry uri https://registry.npmjs.org/bindings
124 verbose addNameRange registry:https://registry.npmjs.org/bindings not in flight; fetching
125 verbose get https://registry.npmjs.org/bindings not expired, no request
126 silly addNameRange number 2 { name: 'bindings', range: '*', hasData: true }
127 silly addNameRange versions [ 'bindings',
127 silly addNameRange   [ '0.0.1',
127 silly addNameRange     '0.1.0',
127 silly addNameRange     '0.1.1',
127 silly addNameRange     '0.2.0',
127 silly addNameRange     '0.2.1',
127 silly addNameRange     '0.2.2',
127 silly addNameRange     '0.2.3',
127 silly addNameRange     '0.2.4',
127 silly addNameRange     '0.3.0',
127 silly addNameRange     '0.4.0',
127 silly addNameRange     '1.0.0',
127 silly addNameRange     '1.1.0',
127 silly addNameRange     '1.1.1',
127 silly addNameRange     '1.2.0',
127 silly addNameRange     '1.2.1',
127 silly addNameRange     '1.3.0' ] ]
128 silly addNamed bindings@1.3.0
129 verbose addNamed "1.3.0" is a plain semver version for bindings
130 silly cache afterAdd bindings@1.3.0
131 verbose afterAdd C:\Users\samke\AppData\Roaming\npm-cache\bindings\1.3.0\package\package.json not in flight; writing
132 verbose correctMkdir C:\Users\samke\AppData\Roaming\npm-cache correctMkdir not in flight; initializing
133 verbose afterAdd C:\Users\samke\AppData\Roaming\npm-cache\bindings\1.3.0\package\package.json written
134 http 304 https://registry.npmjs.org/nan
135 verbose headers { date: 'Mon, 15 Jan 2018 20:18:57 GMT',
135 verbose headers   via: '1.1 varnish',
135 verbose headers   'cache-control': 'max-age=300',
135 verbose headers   etag: '"5a3ad7f1-20c2f"',
135 verbose headers   age: '2823',
135 verbose headers   connection: 'keep-alive',
135 verbose headers   'x-served-by': 'cache-mia17622-MIA',
135 verbose headers   'x-cache': 'HIT',
135 verbose headers   'x-cache-hits': '29',
135 verbose headers   'x-timer': 'S1516047537.323234,VS0,VE0',
135 verbose headers   vary: 'Accept-Encoding, Accept' }
136 silly get cb [ 304,
136 silly get   { date: 'Mon, 15 Jan 2018 20:18:57 GMT',
136 silly get     via: '1.1 varnish',
136 silly get     'cache-control': 'max-age=300',
136 silly get     etag: '"5a3ad7f1-20c2f"',
136 silly get     age: '2823',
136 silly get     connection: 'keep-alive',
136 silly get     'x-served-by': 'cache-mia17622-MIA',
136 silly get     'x-cache': 'HIT',
136 silly get     'x-cache-hits': '29',
136 silly get     'x-timer': 'S1516047537.323234,VS0,VE0',
136 silly get     vary: 'Accept-Encoding, Accept' } ]
137 verbose etag https://registry.npmjs.org/nan from cache
138 verbose get saving nan to C:\Users\samke\AppData\Roaming\npm-cache\registry.npmjs.org\nan\.cache.json
139 verbose correctMkdir C:\Users\samke\AppData\Roaming\npm-cache correctMkdir not in flight; initializing
140 silly resolveWithNewModule nan@2.8.0 checking installable status
141 silly cache add args [ 'nan@*', null ]
142 verbose cache add spec nan@*
143 silly cache add parsed spec Result {
143 silly cache add   raw: 'nan@*',
143 silly cache add   scope: null,
143 silly cache add   escapedName: 'nan',
143 silly cache add   name: 'nan',
143 silly cache add   rawSpec: '*',
143 silly cache add   spec: '*',
143 silly cache add   type: 'range' }
144 silly addNamed nan@*
145 verbose addNamed "*" is a valid semver range for nan
146 silly addNameRange { name: 'nan', range: '*', hasData: false }
147 silly mapToRegistry name nan
148 silly mapToRegistry using default registry
149 silly mapToRegistry registry https://registry.npmjs.org/
150 silly mapToRegistry data Result {
150 silly mapToRegistry   raw: 'nan',
150 silly mapToRegistry   scope: null,
150 silly mapToRegistry   escapedName: 'nan',
150 silly mapToRegistry   name: 'nan',
150 silly mapToRegistry   rawSpec: '',
150 silly mapToRegistry   spec: 'latest',
150 silly mapToRegistry   type: 'tag' }
151 silly mapToRegistry uri https://registry.npmjs.org/nan
152 verbose addNameRange registry:https://registry.npmjs.org/nan not in flight; fetching
153 verbose get https://registry.npmjs.org/nan not expired, no request
154 silly addNameRange number 2 { name: 'nan', range: '*', hasData: true }
155 silly addNameRange versions [ 'nan',
155 silly addNameRange   [ '0.3.0-wip',
155 silly addNameRange     '0.3.0-wip2',
155 silly addNameRange     '0.3.0',
155 silly addNameRange     '0.3.1',
155 silly addNameRange     '0.3.2',
155 silly addNameRange     '0.4.0',
155 silly addNameRange     '0.4.1',
155 silly addNameRange     '0.4.2',
155 silly addNameRange     '0.4.3',
155 silly addNameRange     '0.4.4',
155 silly addNameRange     '0.5.0',
155 silly addNameRange     '0.5.1',
155 silly addNameRange     '0.5.2',
155 silly addNameRange     '0.6.0',
155 silly addNameRange     '0.7.0',
155 silly addNameRange     '0.7.1',
155 silly addNameRange     '0.8.0',
155 silly addNameRange     '1.0.0',
155 silly addNameRange     '1.1.0',
155 silly addNameRange     '1.1.1',
155 silly addNameRange     '1.1.2',
155 silly addNameRange     '1.2.0',
155 silly addNameRange     '1.3.0',
155 silly addNameRange     '1.4.0',
155 silly addNameRange     '1.4.1',
155 silly addNameRange     '1.5.0',
155 silly addNameRange     '1.4.2',
155 silly addNameRange     '1.4.3',
155 silly addNameRange     '1.5.1',
155 silly addNameRange     '1.5.2',
155 silly addNameRange     '1.6.0',
155 silly addNameRange     '1.5.3',
155 silly addNameRange     '1.6.1',
155 silly addNameRange     '1.6.2',
155 silly addNameRange     '1.7.0',
155 silly addNameRange     '1.8.0',
155 silly addNameRange     '1.8.1',
155 silly addNameRange     '1.8.2',
155 silly addNameRange     '1.8.3',
155 silly addNameRange     '1.8.4',
155 silly addNameRange     '1.9.0',
155 silly addNameRange     '2.0.0',
155 silly addNameRange     '2.0.1',
155 silly addNameRange     '2.0.2',
155 silly addNameRange     '2.0.3',
155 silly addNameRange     '2.0.4',
155 silly addNameRange     '2.0.5',
155 silly addNameRange     '2.0.6',
155 silly addNameRange     '2.0.7',
155 silly addNameRange     '2.0.8',
155 silly addNameRange     '2.0.9',
155 silly addNameRange     '2.1.0',
155 silly addNameRange     '2.2.0',
155 silly addNameRange     '2.2.1',
155 silly addNameRange     '2.3.0',
155 silly addNameRange     '2.3.1',
155 silly addNameRange     '2.3.2',
155 silly addNameRange     '2.3.3',
155 silly addNameRange     '2.3.4',
155 silly addNameRange     '2.3.5',
155 silly addNameRange     '2.4.0',
155 silly addNameRange     '2.5.0',
155 silly addNameRange     '2.5.1',
155 silly addNameRange     '2.6.0',
155 silly addNameRange     '2.6.1',
155 silly addNameRange     '2.6.2',
155 silly addNameRange     '2.7.0',
155 silly addNameRange     '2.8.0' ] ]
156 silly addNamed nan@2.8.0
157 verbose addNamed "2.8.0" is a plain semver version for nan
158 silly cache afterAdd nan@2.8.0
159 verbose afterAdd C:\Users\samke\AppData\Roaming\npm-cache\nan\2.8.0\package\package.json not in flight; writing
160 verbose correctMkdir C:\Users\samke\AppData\Roaming\npm-cache correctMkdir not in flight; initializing
161 verbose afterAdd C:\Users\samke\AppData\Roaming\npm-cache\nan\2.8.0\package\package.json written
162 silly loadAllDepsIntoIdealTree Finishing
163 silly loadIdealTree Finishing
164 silly currentTree droplit-plugin-apa102c@0.1.0
164 silly currentTree `-- droplit-plugin@2.0.6
165 silly idealTree droplit-plugin-apa102c@0.1.0
165 silly idealTree +-- bindings@1.3.0
165 silly idealTree +-- droplit-plugin@2.0.6
165 silly idealTree +-- nan@2.8.0
165 silly idealTree `-- rpio@0.9.20
166 silly generateActionsToTake Starting
167 silly install generateActionsToTake
168 silly generateActionsToTake Finishing
169 silly diffTrees action count 4
170 silly diffTrees add bindings@1.3.0
171 silly diffTrees add nan@2.8.0
172 silly diffTrees update-linked droplit-plugin@2.0.6
173 silly diffTrees add rpio@0.9.20
174 silly decomposeActions action count 25
175 silly decomposeActions fetch bindings@1.3.0
176 silly decomposeActions extract bindings@1.3.0
177 silly decomposeActions test bindings@1.3.0
178 silly decomposeActions preinstall bindings@1.3.0
179 silly decomposeActions build bindings@1.3.0
180 silly decomposeActions install bindings@1.3.0
181 silly decomposeActions postinstall bindings@1.3.0
182 silly decomposeActions finalize bindings@1.3.0
183 silly decomposeActions fetch nan@2.8.0
184 silly decomposeActions extract nan@2.8.0
185 silly decomposeActions test nan@2.8.0
186 silly decomposeActions preinstall nan@2.8.0
187 silly decomposeActions build nan@2.8.0
188 silly decomposeActions install nan@2.8.0
189 silly decomposeActions postinstall nan@2.8.0
190 silly decomposeActions finalize nan@2.8.0
191 silly decomposeActions update-linked droplit-plugin@2.0.6
192 silly decomposeActions fetch rpio@0.9.20
193 silly decomposeActions extract rpio@0.9.20
194 silly decomposeActions test rpio@0.9.20
195 silly decomposeActions preinstall rpio@0.9.20
196 silly decomposeActions build rpio@0.9.20
197 silly decomposeActions install rpio@0.9.20
198 silly decomposeActions postinstall rpio@0.9.20
199 silly decomposeActions finalize rpio@0.9.20
200 silly runTopLevelLifecycles Starting
201 silly install runPreinstallTopLevelLifecycles
202 silly preinstall droplit-plugin-apa102c@0.1.0 C:\Users\samke\Documents\Projects\droplit\droplit.io-edge\projects\droplit-plugin-apa102c\droplit-plugin-apa102c-8b12d065
203 info lifecycle droplit-plugin-apa102c@0.1.0~preinstall: droplit-plugin-apa102c@0.1.0
204 silly lifecycle droplit-plugin-apa102c@0.1.0~preinstall: no script for preinstall, continuing
205 silly executeActions Starting
206 silly install executeActions
207 silly doSerial global-install 0
208 silly doParallel fetch 3
209 verbose correctMkdir C:\Users\samke\AppData\Roaming\npm-cache\_locks correctMkdir not in flight; initializing
210 verbose lock using C:\Users\samke\AppData\Roaming\npm-cache\_locks\staging-4c93c75e7d9c6729.lock for C:\Users\samke\Documents\Projects\droplit\droplit.io-edge\projects\droplit-plugin-apa102c\node_modules\.staging
211 silly doParallel extract 3
212 silly extract bindings@1.3.0
213 silly extract nan@2.8.0
214 silly extract rpio@0.9.20
215 verbose unbuild node_modules\.staging\bindings-39b2f0ac
216 verbose unbuild node_modules\.staging\rpio-9baa9588
217 verbose unbuild node_modules\.staging\nan-a80a6fc6
218 silly gentlyRm C:\Users\samke\Documents\Projects\droplit\droplit.io-edge\projects\droplit-plugin-apa102c\node_modules\.staging\bindings-39b2f0ac is being purged from base C:\Users\samke\Documents\Projects\droplit\droplit.io-edge\projects\droplit-plugin-apa102c
219 verbose gentlyRm don't care about contents; nuking C:\Users\samke\Documents\Projects\droplit\droplit.io-edge\projects\droplit-plugin-apa102c\node_modules\.staging\bindings-39b2f0ac
220 silly gentlyRm C:\Users\samke\Documents\Projects\droplit\droplit.io-edge\projects\droplit-plugin-apa102c\node_modules\.staging\rpio-9baa9588 is being purged from base C:\Users\samke\Documents\Projects\droplit\droplit.io-edge\projects\droplit-plugin-apa102c
221 verbose gentlyRm don't care about contents; nuking C:\Users\samke\Documents\Projects\droplit\droplit.io-edge\projects\droplit-plugin-apa102c\node_modules\.staging\rpio-9baa9588
222 silly gentlyRm C:\Users\samke\Documents\Projects\droplit\droplit.io-edge\projects\droplit-plugin-apa102c\node_modules\.staging\nan-a80a6fc6 is being purged from base C:\Users\samke\Documents\Projects\droplit\droplit.io-edge\projects\droplit-plugin-apa102c
223 verbose gentlyRm don't care about contents; nuking C:\Users\samke\Documents\Projects\droplit\droplit.io-edge\projects\droplit-plugin-apa102c\node_modules\.staging\nan-a80a6fc6
224 verbose tar unpack C:\Users\samke\AppData\Roaming\npm-cache\bindings\1.3.0\package.tgz
225 verbose tar unpacking to C:\Users\samke\Documents\Projects\droplit\droplit.io-edge\projects\droplit-plugin-apa102c\node_modules\.staging\bindings-39b2f0ac
226 silly gentlyRm C:\Users\samke\Documents\Projects\droplit\droplit.io-edge\projects\droplit-plugin-apa102c\node_modules\.staging\bindings-39b2f0ac is being purged
227 verbose gentlyRm don't care about contents; nuking C:\Users\samke\Documents\Projects\droplit\droplit.io-edge\projects\droplit-plugin-apa102c\node_modules\.staging\bindings-39b2f0ac
228 verbose tar unpack C:\Users\samke\AppData\Roaming\npm-cache\rpio\0.9.20\package.tgz
229 verbose tar unpacking to C:\Users\samke\Documents\Projects\droplit\droplit.io-edge\projects\droplit-plugin-apa102c\node_modules\.staging\rpio-9baa9588
230 silly gentlyRm C:\Users\samke\Documents\Projects\droplit\droplit.io-edge\projects\droplit-plugin-apa102c\node_modules\.staging\rpio-9baa9588 is being purged
231 verbose gentlyRm don't care about contents; nuking C:\Users\samke\Documents\Projects\droplit\droplit.io-edge\projects\droplit-plugin-apa102c\node_modules\.staging\rpio-9baa9588
232 verbose tar unpack C:\Users\samke\AppData\Roaming\npm-cache\nan\2.8.0\package.tgz
233 verbose tar unpacking to C:\Users\samke\Documents\Projects\droplit\droplit.io-edge\projects\droplit-plugin-apa102c\node_modules\.staging\nan-a80a6fc6
234 silly gentlyRm C:\Users\samke\Documents\Projects\droplit\droplit.io-edge\projects\droplit-plugin-apa102c\node_modules\.staging\nan-a80a6fc6 is being purged
235 verbose gentlyRm don't care about contents; nuking C:\Users\samke\Documents\Projects\droplit\droplit.io-edge\projects\droplit-plugin-apa102c\node_modules\.staging\nan-a80a6fc6
236 silly gunzTarPerm modes [ '777', '666' ]
237 silly gunzTarPerm modes [ '777', '666' ]
238 silly gunzTarPerm modes [ '777', '666' ]
239 silly gunzTarPerm extractEntry package.json
240 silly gunzTarPerm modified mode [ 'package.json', 420, 438 ]
241 silly gunzTarPerm extractEntry package.json
242 silly gunzTarPerm modified mode [ 'package.json', 436, 438 ]
243 silly gunzTarPerm extractEntry package.json
244 silly gunzTarPerm modified mode [ 'package.json', 420, 438 ]
245 silly gunzTarPerm extractEntry .npmignore
246 silly gunzTarPerm modified mode [ '.npmignore', 420, 438 ]
247 silly gunzTarPerm extractEntry README.md
248 silly gunzTarPerm modified mode [ 'README.md', 420, 438 ]
249 silly gunzTarPerm extractEntry README.md
250 silly gunzTarPerm modified mode [ 'README.md', 436, 438 ]
251 silly gunzTarPerm extractEntry README.md
252 silly gunzTarPerm modified mode [ 'README.md', 420, 438 ]
253 silly gunzTarPerm extractEntry bindings.js
254 silly gunzTarPerm modified mode [ 'bindings.js', 420, 438 ]
255 silly gunzTarPerm extractEntry include_dirs.js
256 silly gunzTarPerm modified mode [ 'include_dirs.js', 436, 438 ]
257 silly gunzTarPerm extractEntry examples/blink.js
258 silly gunzTarPerm modified mode [ 'examples/blink.js', 420, 438 ]
259 silly gunzTarPerm extractEntry nan_converters_43_inl.h
260 silly gunzTarPerm modified mode [ 'nan_converters_43_inl.h', 436, 438 ]
261 silly gunzTarPerm extractEntry LICENSE.md
262 silly gunzTarPerm modified mode [ 'LICENSE.md', 436, 438 ]
263 silly gunzTarPerm extractEntry doc/new.md
264 silly gunzTarPerm modified mode [ 'doc/new.md', 436, 438 ]
265 silly gunzTarPerm extractEntry examples/button.js
266 silly gunzTarPerm modified mode [ 'examples/button.js', 420, 438 ]
267 silly gunzTarPerm extractEntry examples/dht11.js
268 silly gunzTarPerm modified mode [ 'examples/dht11.js', 420, 438 ]
269 silly gunzTarPerm extractEntry examples/i2c-lcd.js
270 silly gunzTarPerm modified mode [ 'examples/i2c-lcd.js', 420, 438 ]
271 silly gunzTarPerm extractEntry doc/asyncworker.md
272 silly gunzTarPerm modified mode [ 'doc/asyncworker.md', 436, 438 ]
273 silly gunzTarPerm extractEntry examples/padcontrol.js
274 silly gunzTarPerm modified mode [ 'examples/padcontrol.js', 420, 438 ]
275 silly gunzTarPerm extractEntry doc/callback.md
276 silly gunzTarPerm modified mode [ 'doc/callback.md', 436, 438 ]
277 silly gunzTarPerm extractEntry doc/converters.md
278 silly gunzTarPerm modified mode [ 'doc/converters.md', 436, 438 ]
279 silly gunzTarPerm extractEntry examples/pwm-led.js
280 silly gunzTarPerm modified mode [ 'examples/pwm-led.js', 420, 438 ]
281 silly gunzTarPerm extractEntry examples/spi-at93c46.js
282 silly gunzTarPerm modified mode [ 'examples/spi-at93c46.js', 420, 438 ]
283 silly gunzTarPerm extractEntry doc/errors.md
284 silly gunzTarPerm modified mode [ 'doc/errors.md', 436, 438 ]
285 silly gunzTarPerm extractEntry doc/json.md
286 silly gunzTarPerm modified mode [ 'doc/json.md', 436, 438 ]
287 silly gunzTarPerm extractEntry binding.gyp
288 silly gunzTarPerm modified mode [ 'binding.gyp', 420, 438 ]
289 silly gunzTarPerm extractEntry .travis.yml
290 silly gunzTarPerm modified mode [ '.travis.yml', 420, 438 ]
291 silly gunzTarPerm extractEntry doc/maybe_types.md
292 silly gunzTarPerm modified mode [ 'doc/maybe_types.md', 436, 438 ]
293 silly gunzTarPerm extractEntry doc/methods.md
294 silly gunzTarPerm modified mode [ 'doc/methods.md', 436, 438 ]
295 silly gunzTarPerm extractEntry handler.diff
296 silly gunzTarPerm modified mode [ 'handler.diff', 420, 438 ]
297 silly gunzTarPerm extractEntry lib/rpio.js
298 silly gunzTarPerm modified mode [ 'lib/rpio.js', 420, 438 ]
299 silly gentlyRm C:\Users\samke\Documents\Projects\droplit\droplit.io-edge\projects\droplit-plugin-apa102c\node_modules\.staging\bindings-39b2f0ac\node_modules is being purged
300 verbose gentlyRm don't care about contents; nuking C:\Users\samke\Documents\Projects\droplit\droplit.io-edge\projects\droplit-plugin-apa102c\node_modules\.staging\bindings-39b2f0ac\node_modules
301 silly gunzTarPerm extractEntry src/bcm2835.c
302 silly gunzTarPerm modified mode [ 'src/bcm2835.c', 420, 438 ]
303 silly gunzTarPerm extractEntry src/bcm2835.h
304 silly gunzTarPerm modified mode [ 'src/bcm2835.h', 420, 438 ]
305 silly gunzTarPerm extractEntry doc/buffers.md
306 silly gunzTarPerm modified mode [ 'doc/buffers.md', 436, 438 ]
307 silly gunzTarPerm extractEntry doc/node_misc.md
308 silly gunzTarPerm modified mode [ 'doc/node_misc.md', 436, 438 ]
309 silly gunzTarPerm extractEntry src/rpio.cc
310 silly gunzTarPerm modified mode [ 'src/rpio.cc', 420, 438 ]
311 silly gunzTarPerm extractEntry doc/object_wrappers.md
312 silly gunzTarPerm modified mode [ 'doc/object_wrappers.md', 436, 438 ]
313 silly gunzTarPerm extractEntry doc/persistent.md
314 silly gunzTarPerm modified mode [ 'doc/persistent.md', 436, 438 ]
315 silly gunzTarPerm extractEntry doc/scopes.md
316 silly gunzTarPerm modified mode [ 'doc/scopes.md', 436, 438 ]
317 silly gunzTarPerm extractEntry doc/script.md
318 silly gunzTarPerm modified mode [ 'doc/script.md', 436, 438 ]
319 silly gunzTarPerm extractEntry doc/string_bytes.md
320 silly gunzTarPerm modified mode [ 'doc/string_bytes.md', 436, 438 ]
321 silly gunzTarPerm extractEntry doc/v8_internals.md
322 silly gunzTarPerm modified mode [ 'doc/v8_internals.md', 436, 438 ]
323 silly gunzTarPerm extractEntry doc/v8_misc.md
324 silly gunzTarPerm modified mode [ 'doc/v8_misc.md', 436, 438 ]
325 silly gunzTarPerm extractEntry nan.h
326 silly gunzTarPerm modified mode [ 'nan.h', 436, 438 ]
327 silly gunzTarPerm extractEntry nan_callbacks.h
328 silly gunzTarPerm modified mode [ 'nan_callbacks.h', 436, 438 ]
329 silly gunzTarPerm extractEntry nan_callbacks_12_inl.h
330 silly gunzTarPerm modified mode [ 'nan_callbacks_12_inl.h', 436, 438 ]
331 silly gunzTarPerm extractEntry nan_callbacks_pre_12_inl.h
332 silly gunzTarPerm modified mode [ 'nan_callbacks_pre_12_inl.h', 436, 438 ]
333 silly gunzTarPerm extractEntry nan_converters.h
334 silly gunzTarPerm modified mode [ 'nan_converters.h', 436, 438 ]
335 silly gunzTarPerm extractEntry nan_converters_pre_43_inl.h
336 silly gunzTarPerm modified mode [ 'nan_converters_pre_43_inl.h', 436, 438 ]
337 silly gunzTarPerm extractEntry nan_implementation_12_inl.h
338 silly gunzTarPerm modified mode [ 'nan_implementation_12_inl.h', 436, 438 ]
339 silly gunzTarPerm extractEntry nan_implementation_pre_12_inl.h
340 silly gunzTarPerm modified mode [ 'nan_implementation_pre_12_inl.h', 436, 438 ]
341 silly gunzTarPerm extractEntry nan_json.h
342 silly gunzTarPerm modified mode [ 'nan_json.h', 436, 438 ]
343 silly gunzTarPerm extractEntry nan_maybe_43_inl.h
344 silly gunzTarPerm modified mode [ 'nan_maybe_43_inl.h', 436, 438 ]
345 silly gunzTarPerm extractEntry nan_maybe_pre_43_inl.h
346 silly gunzTarPerm modified mode [ 'nan_maybe_pre_43_inl.h', 436, 438 ]
347 silly gunzTarPerm extractEntry nan_new.h
348 silly gunzTarPerm modified mode [ 'nan_new.h', 436, 438 ]
349 silly gunzTarPerm extractEntry nan_object_wrap.h
350 silly gunzTarPerm modified mode [ 'nan_object_wrap.h', 436, 438 ]
351 silly gunzTarPerm extractEntry nan_persistent_12_inl.h
352 silly gunzTarPerm modified mode [ 'nan_persistent_12_inl.h', 436, 438 ]
353 silly gunzTarPerm extractEntry nan_persistent_pre_12_inl.h
354 silly gunzTarPerm modified mode [ 'nan_persistent_pre_12_inl.h', 436, 438 ]
355 silly gunzTarPerm extractEntry nan_private.h
356 silly gunzTarPerm modified mode [ 'nan_private.h', 436, 438 ]
357 silly gunzTarPerm extractEntry nan_string_bytes.h
358 silly gunzTarPerm modified mode [ 'nan_string_bytes.h', 436, 438 ]
359 silly gunzTarPerm extractEntry nan_typedarray_contents.h
360 silly gunzTarPerm modified mode [ 'nan_typedarray_contents.h', 436, 438 ]
361 silly gunzTarPerm extractEntry nan_weak.h
362 silly gunzTarPerm modified mode [ 'nan_weak.h', 436, 438 ]
363 silly gentlyRm C:\Users\samke\Documents\Projects\droplit\droplit.io-edge\projects\droplit-plugin-apa102c\node_modules\.staging\rpio-9baa9588\node_modules is being purged
364 verbose gentlyRm don't care about contents; nuking C:\Users\samke\Documents\Projects\droplit\droplit.io-edge\projects\droplit-plugin-apa102c\node_modules\.staging\rpio-9baa9588\node_modules
365 silly gunzTarPerm extractEntry CHANGELOG.md
366 silly gunzTarPerm modified mode [ 'CHANGELOG.md', 436, 438 ]
367 silly gunzTarPerm extractEntry tools/package.json
368 silly gunzTarPerm modified mode [ 'tools/package.json', 436, 438 ]
369 silly gunzTarPerm extractEntry tools/README.md
370 silly gunzTarPerm modified mode [ 'tools/README.md', 436, 438 ]
371 silly gunzTarPerm extractEntry tools/1to2.js
372 silly gunzTarPerm modified mode [ 'tools/1to2.js', 509, 511 ]
373 silly gentlyRm C:\Users\samke\Documents\Projects\droplit\droplit.io-edge\projects\droplit-plugin-apa102c\node_modules\.staging\nan-a80a6fc6\node_modules is being purged
374 verbose gentlyRm don't care about contents; nuking C:\Users\samke\Documents\Projects\droplit\droplit.io-edge\projects\droplit-plugin-apa102c\node_modules\.staging\nan-a80a6fc6\node_modules
375 silly doParallel preinstall 3
376 silly preinstall bindings@1.3.0 C:\Users\samke\Documents\Projects\droplit\droplit.io-edge\projects\droplit-plugin-apa102c\node_modules\.staging\bindings-39b2f0ac
377 info lifecycle bindings@1.3.0~preinstall: bindings@1.3.0
378 silly preinstall nan@2.8.0 C:\Users\samke\Documents\Projects\droplit\droplit.io-edge\projects\droplit-plugin-apa102c\node_modules\.staging\nan-a80a6fc6
379 info lifecycle nan@2.8.0~preinstall: nan@2.8.0
380 silly preinstall rpio@0.9.20 C:\Users\samke\Documents\Projects\droplit\droplit.io-edge\projects\droplit-plugin-apa102c\node_modules\.staging\rpio-9baa9588
381 info lifecycle rpio@0.9.20~preinstall: rpio@0.9.20
382 silly lifecycle bindings@1.3.0~preinstall: no script for preinstall, continuing
383 silly lifecycle nan@2.8.0~preinstall: no script for preinstall, continuing
384 silly lifecycle rpio@0.9.20~preinstall: no script for preinstall, continuing
385 silly doReverseSerial remove 0
386 silly doSerial move 0
387 silly doSerial finalize 3
388 silly finalize C:\Users\samke\Documents\Projects\droplit\droplit.io-edge\projects\droplit-plugin-apa102c\node_modules\bindings
389 silly finalize C:\Users\samke\Documents\Projects\droplit\droplit.io-edge\projects\droplit-plugin-apa102c\node_modules\nan
390 silly finalize C:\Users\samke\Documents\Projects\droplit\droplit.io-edge\projects\droplit-plugin-apa102c\node_modules\rpio
391 silly doSerial build 3
392 silly build bindings@1.3.0
393 silly build nan@2.8.0
394 silly build rpio@0.9.20
395 silly doSerial global-link 0
396 silly doParallel update-linked 1
397 silly doSerial install 3
398 silly install bindings@1.3.0 C:\Users\samke\Documents\Projects\droplit\droplit.io-edge\projects\droplit-plugin-apa102c\node_modules\.staging\bindings-39b2f0ac
399 info lifecycle bindings@1.3.0~install: bindings@1.3.0
400 silly lifecycle bindings@1.3.0~install: no script for install, continuing
401 silly install nan@2.8.0 C:\Users\samke\Documents\Projects\droplit\droplit.io-edge\projects\droplit-plugin-apa102c\node_modules\.staging\nan-a80a6fc6
402 info lifecycle nan@2.8.0~install: nan@2.8.0
403 silly lifecycle nan@2.8.0~install: no script for install, continuing
404 silly install rpio@0.9.20 C:\Users\samke\Documents\Projects\droplit\droplit.io-edge\projects\droplit-plugin-apa102c\node_modules\.staging\rpio-9baa9588
405 info lifecycle rpio@0.9.20~install: rpio@0.9.20
406 verbose lifecycle rpio@0.9.20~install: unsafe-perm in lifecycle true
407 verbose lifecycle rpio@0.9.20~install: PATH: C:\Program Files\nodejs\node_modules\npm\bin\node-gyp-bin;C:\Users\samke\Documents\Projects\droplit\droplit.io-edge\projects\droplit-plugin-apa102c\node_modules\rpio\node_modules\.bin;C:\Users\samke\Documents\Projects\droplit\droplit.io-edge\projects\droplit-plugin-apa102c\node_modules\.bin;C:\Program Files\Git\mingw64\bin;C:\Program Files\Git\usr\bin;C:\Users\samke\bin;C:\Program Files (x86)\Razer Chroma SDK\bin;C:\Program Files\Razer Chroma SDK\bin;C:\Program Files (x86)\Python36-32\Scripts;C:\Program Files (x86)\Python36-32;C:\Windows\system32;C:\Windows;C:\Windows\System32\Wbem;C:\Windows\System32\WindowsPowerShell\v1.0;C:\Program Files (x86)\Skype\Phone;C:\Program Files\Git\cmd;C:\Program Files\nodejs;C:\Program Files\MongoDB\Server\3.4\bin;C:\Program Files\Microsoft VS Code\bin;C:\Program Files (x86)\Bitvise SSH Client;C:\Program Files (x86)\NVIDIA Corporation\PhysX\Common;C:\Windows\system32;C:\Windows;C:\Windows\System32\Wbem;C:\Windows\System32\WindowsPowerShell\v1.0;C:\Users\samke\AppData\Local\Microsoft\WindowsApps;C:\Users\samke\AppData\Roaming\npm;C:\Users\samke\AppData\Roaming\Dashlane\5.3.2.14186\bin\Firefox_Extension\{442718d9-475e-452a-b3e1-fb1ee16b8e9f}\components;C:\Users\samke\AppData\Roaming\Dashlane\5.3.2.14186\ucrt;C:\Users\samke\AppData\Local\Microsoft\WindowsApps;C:\Program Files\Microsoft VS Code\bin;C:\Users\samke\AppData\Roaming\npm;C:\Users\samke\AppData\Roaming\Dashlane\5.3.2.14186\bin\Firefox_Extension\{442718d9-475e-452a-b3e1-fb1ee16b8e9f}\components;C:\Users\samke\AppData\Roaming\Dashlane\5.3.2.14186\ucrt
408 verbose lifecycle rpio@0.9.20~install: CWD: C:\Users\samke\Documents\Projects\droplit\droplit.io-edge\projects\droplit-plugin-apa102c\node_modules\rpio
409 silly lifecycle rpio@0.9.20~install: Args: [ '/d /s /c', 'node-gyp rebuild' ]
410 silly lifecycle rpio@0.9.20~install: Returned: code: 1  signal: null
411 info lifecycle rpio@0.9.20~install: Failed to exec install script
412 verbose unlock done using C:\Users\samke\AppData\Roaming\npm-cache\_locks\staging-4c93c75e7d9c6729.lock for C:\Users\samke\Documents\Projects\droplit\droplit.io-edge\projects\droplit-plugin-apa102c\node_modules\.staging
413 silly rollbackFailedOptional Starting
414 silly rollbackFailedOptional Finishing
415 silly runTopLevelLifecycles Finishing
416 silly install printInstalled
417 warn droplit-plugin-apa102c@0.1.0 No repository field.
418 verbose If you need help, you may report this error at:
418 verbose     <https://github.com/npm/npm/issues>
419 warn droplit-plugin-apa102c@0.1.0 No license field.
420 verbose If you need help, you may report this error at:
420 verbose     <https://github.com/npm/npm/issues>
421 verbose stack Error: rpio@0.9.20 install: `node-gyp rebuild`
421 verbose stack Exit status 1
421 verbose stack     at EventEmitter.<anonymous> (C:\Program Files\nodejs\node_modules\npm\lib\utils\lifecycle.js:255:16)
421 verbose stack     at emitTwo (events.js:106:13)
421 verbose stack     at EventEmitter.emit (events.js:191:7)
421 verbose stack     at ChildProcess.<anonymous> (C:\Program Files\nodejs\node_modules\npm\lib\utils\spawn.js:40:14)
421 verbose stack     at emitTwo (events.js:106:13)
421 verbose stack     at ChildProcess.emit (events.js:191:7)
421 verbose stack     at maybeClose (internal/child_process.js:891:16)
421 verbose stack     at Process.ChildProcess._handle.onexit (internal/child_process.js:226:5)
422 verbose pkgid rpio@0.9.20
423 verbose cwd C:\Users\samke\Documents\Projects\droplit\droplit.io-edge\projects\droplit-plugin-apa102c
424 error Windows_NT 10.0.16299
425 error argv "C:\\Program Files\\nodejs\\node.exe" "C:\\Program Files\\nodejs\\node_modules\\npm\\bin\\npm-cli.js" "link" "--no-bin-links"
426 error node v6.11.2
427 error npm  v3.10.10
428 error code ELIFECYCLE
429 error rpio@0.9.20 install: `node-gyp rebuild`
429 error Exit status 1
430 error Failed at the rpio@0.9.20 install script 'node-gyp rebuild'.
430 error Make sure you have the latest version of node.js and npm installed.
430 error If you do, this is most likely a problem with the rpio package,
430 error not with npm itself.
430 error Tell the author that this fails on your system:
430 error     node-gyp rebuild
430 error You can get information on how to open an issue for this project with:
430 error     npm bugs rpio
430 error Or if that isn't available, you can get their info via:
430 error     npm owner ls rpio
430 error There is likely additional logging output above.
431 verbose exit [ 1, true ]
