0 info it worked if it ends with ok
1 verbose cli [ 'C:\\Program Files\\nodejs\\node.exe',
1 verbose cli   'C:\\Program Files\\nodejs\\node_modules\\npm\\bin\\npm-cli.js',
1 verbose cli   'link',
1 verbose cli   '--no-bin-links' ]
2 info using npm@3.10.10
3 info using node@v6.11.2
4 verbose linkPkg C:\Users\samke\Documents\Projects\droplit\droplit.io-edge\projects\droplit-plugin-neopixel
5 silly gentlyRm C:\Users\samke\AppData\Roaming\npm\node_modules\droplit-plugin-neopixel is being purged
6 verbose gentlyRm don't care about contents; nuking C:\Users\samke\AppData\Roaming\npm\node_modules\droplit-plugin-neopixel
7 verbose link build target C:\Users\samke\AppData\Roaming\npm\node_modules\droplit-plugin-neopixel
8 silly loadCurrentTree Starting
9 silly install loadCurrentTree
10 silly install readLocalPackageData
11 silly install normalizeTree
12 silly loadCurrentTree Finishing
13 silly loadIdealTree Starting
14 silly install loadIdealTree
15 silly cloneCurrentTree Starting
16 silly install cloneCurrentTreeToIdealTree
17 silly cloneCurrentTree Finishing
18 silly loadShrinkwrap Starting
19 silly install loadShrinkwrap
20 silly loadShrinkwrap Finishing
21 silly loadAllDepsIntoIdealTree Starting
22 silly install loadAllDepsIntoIdealTree
23 silly fetchDirectoryPackageData droplit-plugin
24 silly fetchNamedPackageData rpi-ws281x-native
25 silly mapToRegistry name rpi-ws281x-native
26 silly mapToRegistry using default registry
27 silly mapToRegistry registry https://registry.npmjs.org/
28 silly mapToRegistry data Result {
28 silly mapToRegistry   raw: 'rpi-ws281x-native',
28 silly mapToRegistry   scope: null,
28 silly mapToRegistry   escapedName: 'rpi-ws281x-native',
28 silly mapToRegistry   name: 'rpi-ws281x-native',
28 silly mapToRegistry   rawSpec: '',
28 silly mapToRegistry   spec: 'latest',
28 silly mapToRegistry   type: 'tag' }
29 silly mapToRegistry uri https://registry.npmjs.org/rpi-ws281x-native
30 verbose request uri https://registry.npmjs.org/rpi-ws281x-native
31 verbose request no auth needed
32 info attempt registry request try #1 at 3:19:31 PM
33 verbose request id 24ffa83e80aa593b
34 verbose etag "5a255c67-71d2"
35 verbose lastModified Mon, 4 Dec 2017 14:32:07 GMT
36 http request GET https://registry.npmjs.org/rpi-ws281x-native
37 silly resolveWithNewModule droplit-plugin@2.0.6 checking installable status
38 silly cache add args [ 'droplit-plugin@../droplit-plugin', null ]
39 verbose cache add spec droplit-plugin@../droplit-plugin
40 silly cache add parsed spec Result {
40 silly cache add   raw: 'droplit-plugin@../droplit-plugin',
40 silly cache add   scope: null,
40 silly cache add   escapedName: 'droplit-plugin',
40 silly cache add   name: 'droplit-plugin',
40 silly cache add   rawSpec: '../droplit-plugin',
40 silly cache add   spec: 'C:\\Users\\samke\\Documents\\Projects\\droplit\\droplit.io-edge\\projects\\droplit-plugin',
40 silly cache add   type: 'directory' }
41 verbose addLocalDirectory C:\Users\samke\AppData\Roaming\npm-cache\droplit-plugin\2.0.6\package.tgz not in flight; packing
42 verbose correctMkdir C:\Users\samke\AppData\Roaming\npm-cache correctMkdir not in flight; initializing
43 info lifecycle droplit-plugin@2.0.6~prepublish: droplit-plugin@2.0.6
44 silly lifecycle droplit-plugin@2.0.6~prepublish: no script for prepublish, continuing
45 verbose tar pack [ 'C:\\Users\\samke\\AppData\\Roaming\\npm-cache\\droplit-plugin\\2.0.6\\package.tgz',
45 verbose tar pack   'C:\\Users\\samke\\Documents\\Projects\\droplit\\droplit.io-edge\\projects\\droplit-plugin' ]
46 verbose tarball C:\Users\samke\AppData\Roaming\npm-cache\droplit-plugin\2.0.6\package.tgz
47 verbose folder C:\Users\samke\Documents\Projects\droplit\droplit.io-edge\projects\droplit-plugin
48 http 304 https://registry.npmjs.org/rpi-ws281x-native
49 verbose headers { date: 'Mon, 15 Jan 2018 20:19:32 GMT',
49 verbose headers   via: '1.1 varnish',
49 verbose headers   'cache-control': 'max-age=300',
49 verbose headers   etag: '"5a255c67-71d2"',
49 verbose headers   age: '84',
49 verbose headers   connection: 'keep-alive',
49 verbose headers   'x-served-by': 'cache-mia17628-MIA',
49 verbose headers   'x-cache': 'HIT',
49 verbose headers   'x-cache-hits': '1',
49 verbose headers   'x-timer': 'S1516047573.737217,VS0,VE1',
49 verbose headers   vary: 'Accept-Encoding, Accept' }
50 silly get cb [ 304,
50 silly get   { date: 'Mon, 15 Jan 2018 20:19:32 GMT',
50 silly get     via: '1.1 varnish',
50 silly get     'cache-control': 'max-age=300',
50 silly get     etag: '"5a255c67-71d2"',
50 silly get     age: '84',
50 silly get     connection: 'keep-alive',
50 silly get     'x-served-by': 'cache-mia17628-MIA',
50 silly get     'x-cache': 'HIT',
50 silly get     'x-cache-hits': '1',
50 silly get     'x-timer': 'S1516047573.737217,VS0,VE1',
50 silly get     vary: 'Accept-Encoding, Accept' } ]
51 verbose etag https://registry.npmjs.org/rpi-ws281x-native from cache
52 verbose get saving rpi-ws281x-native to C:\Users\samke\AppData\Roaming\npm-cache\registry.npmjs.org\rpi-ws281x-native\.cache.json
53 verbose correctMkdir C:\Users\samke\AppData\Roaming\npm-cache correctMkdir not in flight; initializing
54 verbose addLocalTarball adding from inside cache C:\Users\samke\AppData\Roaming\npm-cache\droplit-plugin\2.0.6\package.tgz
55 verbose correctMkdir C:\Users\samke\AppData\Roaming\npm-cache correctMkdir not in flight; initializing
56 silly resolveWithNewModule rpi-ws281x-native@0.8.2 checking installable status
57 silly cache add args [ 'rpi-ws281x-native@^0.8.2', null ]
58 verbose cache add spec rpi-ws281x-native@^0.8.2
59 silly cache add parsed spec Result {
59 silly cache add   raw: 'rpi-ws281x-native@^0.8.2',
59 silly cache add   scope: null,
59 silly cache add   escapedName: 'rpi-ws281x-native',
59 silly cache add   name: 'rpi-ws281x-native',
59 silly cache add   rawSpec: '^0.8.2',
59 silly cache add   spec: '>=0.8.2 <0.9.0',
59 silly cache add   type: 'range' }
60 silly addNamed rpi-ws281x-native@>=0.8.2 <0.9.0
61 verbose addNamed ">=0.8.2 <0.9.0" is a valid semver range for rpi-ws281x-native
62 silly addNameRange { name: 'rpi-ws281x-native',
62 silly addNameRange   range: '>=0.8.2 <0.9.0',
62 silly addNameRange   hasData: false }
63 silly mapToRegistry name rpi-ws281x-native
64 silly mapToRegistry using default registry
65 silly mapToRegistry registry https://registry.npmjs.org/
66 silly mapToRegistry data Result {
66 silly mapToRegistry   raw: 'rpi-ws281x-native',
66 silly mapToRegistry   scope: null,
66 silly mapToRegistry   escapedName: 'rpi-ws281x-native',
66 silly mapToRegistry   name: 'rpi-ws281x-native',
66 silly mapToRegistry   rawSpec: '',
66 silly mapToRegistry   spec: 'latest',
66 silly mapToRegistry   type: 'tag' }
67 silly mapToRegistry uri https://registry.npmjs.org/rpi-ws281x-native
68 verbose addNameRange registry:https://registry.npmjs.org/rpi-ws281x-native not in flight; fetching
69 silly cache afterAdd droplit-plugin@2.0.6
70 verbose afterAdd C:\Users\samke\AppData\Roaming\npm-cache\droplit-plugin\2.0.6\package\package.json not in flight; writing
71 verbose correctMkdir C:\Users\samke\AppData\Roaming\npm-cache correctMkdir not in flight; initializing
72 verbose get https://registry.npmjs.org/rpi-ws281x-native not expired, no request
73 silly addNameRange number 2 { name: 'rpi-ws281x-native',
73 silly addNameRange   range: '>=0.8.2 <0.9.0',
73 silly addNameRange   hasData: true }
74 silly addNameRange versions [ 'rpi-ws281x-native',
74 silly addNameRange   [ '0.0.1',
74 silly addNameRange     '0.1.0',
74 silly addNameRange     '0.1.1',
74 silly addNameRange     '0.1.2',
74 silly addNameRange     '0.1.3',
74 silly addNameRange     '0.1.4',
74 silly addNameRange     '0.2.0',
74 silly addNameRange     '0.3.0',
74 silly addNameRange     '0.4.0',
74 silly addNameRange     '0.5.0',
74 silly addNameRange     '0.7.0',
74 silly addNameRange     '0.7.1',
74 silly addNameRange     '0.7.2',
74 silly addNameRange     '0.8.0',
74 silly addNameRange     '0.8.1',
74 silly addNameRange     '0.8.2',
74 silly addNameRange     '1.0.0-alpha1' ] ]
75 silly addNamed rpi-ws281x-native@0.8.2
76 verbose addNamed "0.8.2" is a plain semver version for rpi-ws281x-native
77 silly cache afterAdd rpi-ws281x-native@0.8.2
78 verbose afterAdd C:\Users\samke\AppData\Roaming\npm-cache\rpi-ws281x-native\0.8.2\package\package.json not in flight; writing
79 verbose correctMkdir C:\Users\samke\AppData\Roaming\npm-cache correctMkdir not in flight; initializing
80 verbose afterAdd C:\Users\samke\AppData\Roaming\npm-cache\droplit-plugin\2.0.6\package\package.json written
81 verbose afterAdd C:\Users\samke\AppData\Roaming\npm-cache\rpi-ws281x-native\0.8.2\package\package.json written
82 silly fetchNamedPackageData nan
83 silly mapToRegistry name nan
84 silly mapToRegistry using default registry
85 silly mapToRegistry registry https://registry.npmjs.org/
86 silly mapToRegistry data Result {
86 silly mapToRegistry   raw: 'nan',
86 silly mapToRegistry   scope: null,
86 silly mapToRegistry   escapedName: 'nan',
86 silly mapToRegistry   name: 'nan',
86 silly mapToRegistry   rawSpec: '',
86 silly mapToRegistry   spec: 'latest',
86 silly mapToRegistry   type: 'tag' }
87 silly mapToRegistry uri https://registry.npmjs.org/nan
88 verbose request uri https://registry.npmjs.org/nan
89 verbose request no auth needed
90 info attempt registry request try #1 at 3:19:31 PM
91 verbose etag "5a3ad7f1-20c2f"
92 verbose lastModified Wed, 20 Dec 2017 21:36:49 GMT
93 http request GET https://registry.npmjs.org/nan
94 http 304 https://registry.npmjs.org/nan
95 verbose headers { date: 'Mon, 15 Jan 2018 20:19:32 GMT',
95 verbose headers   via: '1.1 varnish',
95 verbose headers   'cache-control': 'max-age=300',
95 verbose headers   etag: '"5a3ad7f1-20c2f"',
95 verbose headers   age: '2859',
95 verbose headers   connection: 'keep-alive',
95 verbose headers   'x-served-by': 'cache-mia17628-MIA',
95 verbose headers   'x-cache': 'HIT',
95 verbose headers   'x-cache-hits': '18',
95 verbose headers   'x-timer': 'S1516047573.804256,VS0,VE0',
95 verbose headers   vary: 'Accept-Encoding, Accept' }
96 silly get cb [ 304,
96 silly get   { date: 'Mon, 15 Jan 2018 20:19:32 GMT',
96 silly get     via: '1.1 varnish',
96 silly get     'cache-control': 'max-age=300',
96 silly get     etag: '"5a3ad7f1-20c2f"',
96 silly get     age: '2859',
96 silly get     connection: 'keep-alive',
96 silly get     'x-served-by': 'cache-mia17628-MIA',
96 silly get     'x-cache': 'HIT',
96 silly get     'x-cache-hits': '18',
96 silly get     'x-timer': 'S1516047573.804256,VS0,VE0',
96 silly get     vary: 'Accept-Encoding, Accept' } ]
97 verbose etag https://registry.npmjs.org/nan from cache
98 verbose get saving nan to C:\Users\samke\AppData\Roaming\npm-cache\registry.npmjs.org\nan\.cache.json
99 verbose correctMkdir C:\Users\samke\AppData\Roaming\npm-cache correctMkdir not in flight; initializing
100 silly resolveWithNewModule nan@2.8.0 checking installable status
101 silly cache add args [ 'nan@^2.0.9', null ]
102 verbose cache add spec nan@^2.0.9
103 silly cache add parsed spec Result {
103 silly cache add   raw: 'nan@^2.0.9',
103 silly cache add   scope: null,
103 silly cache add   escapedName: 'nan',
103 silly cache add   name: 'nan',
103 silly cache add   rawSpec: '^2.0.9',
103 silly cache add   spec: '>=2.0.9 <3.0.0',
103 silly cache add   type: 'range' }
104 silly addNamed nan@>=2.0.9 <3.0.0
105 verbose addNamed ">=2.0.9 <3.0.0" is a valid semver range for nan
106 silly addNameRange { name: 'nan', range: '>=2.0.9 <3.0.0', hasData: false }
107 silly mapToRegistry name nan
108 silly mapToRegistry using default registry
109 silly mapToRegistry registry https://registry.npmjs.org/
110 silly mapToRegistry data Result {
110 silly mapToRegistry   raw: 'nan',
110 silly mapToRegistry   scope: null,
110 silly mapToRegistry   escapedName: 'nan',
110 silly mapToRegistry   name: 'nan',
110 silly mapToRegistry   rawSpec: '',
110 silly mapToRegistry   spec: 'latest',
110 silly mapToRegistry   type: 'tag' }
111 silly mapToRegistry uri https://registry.npmjs.org/nan
112 verbose addNameRange registry:https://registry.npmjs.org/nan not in flight; fetching
113 verbose get https://registry.npmjs.org/nan not expired, no request
114 silly addNameRange number 2 { name: 'nan', range: '>=2.0.9 <3.0.0', hasData: true }
115 silly addNameRange versions [ 'nan',
115 silly addNameRange   [ '0.3.0-wip',
115 silly addNameRange     '0.3.0-wip2',
115 silly addNameRange     '0.3.0',
115 silly addNameRange     '0.3.1',
115 silly addNameRange     '0.3.2',
115 silly addNameRange     '0.4.0',
115 silly addNameRange     '0.4.1',
115 silly addNameRange     '0.4.2',
115 silly addNameRange     '0.4.3',
115 silly addNameRange     '0.4.4',
115 silly addNameRange     '0.5.0',
115 silly addNameRange     '0.5.1',
115 silly addNameRange     '0.5.2',
115 silly addNameRange     '0.6.0',
115 silly addNameRange     '0.7.0',
115 silly addNameRange     '0.7.1',
115 silly addNameRange     '0.8.0',
115 silly addNameRange     '1.0.0',
115 silly addNameRange     '1.1.0',
115 silly addNameRange     '1.1.1',
115 silly addNameRange     '1.1.2',
115 silly addNameRange     '1.2.0',
115 silly addNameRange     '1.3.0',
115 silly addNameRange     '1.4.0',
115 silly addNameRange     '1.4.1',
115 silly addNameRange     '1.5.0',
115 silly addNameRange     '1.4.2',
115 silly addNameRange     '1.4.3',
115 silly addNameRange     '1.5.1',
115 silly addNameRange     '1.5.2',
115 silly addNameRange     '1.6.0',
115 silly addNameRange     '1.5.3',
115 silly addNameRange     '1.6.1',
115 silly addNameRange     '1.6.2',
115 silly addNameRange     '1.7.0',
115 silly addNameRange     '1.8.0',
115 silly addNameRange     '1.8.1',
115 silly addNameRange     '1.8.2',
115 silly addNameRange     '1.8.3',
115 silly addNameRange     '1.8.4',
115 silly addNameRange     '1.9.0',
115 silly addNameRange     '2.0.0',
115 silly addNameRange     '2.0.1',
115 silly addNameRange     '2.0.2',
115 silly addNameRange     '2.0.3',
115 silly addNameRange     '2.0.4',
115 silly addNameRange     '2.0.5',
115 silly addNameRange     '2.0.6',
115 silly addNameRange     '2.0.7',
115 silly addNameRange     '2.0.8',
115 silly addNameRange     '2.0.9',
115 silly addNameRange     '2.1.0',
115 silly addNameRange     '2.2.0',
115 silly addNameRange     '2.2.1',
115 silly addNameRange     '2.3.0',
115 silly addNameRange     '2.3.1',
115 silly addNameRange     '2.3.2',
115 silly addNameRange     '2.3.3',
115 silly addNameRange     '2.3.4',
115 silly addNameRange     '2.3.5',
115 silly addNameRange     '2.4.0',
115 silly addNameRange     '2.5.0',
115 silly addNameRange     '2.5.1',
115 silly addNameRange     '2.6.0',
115 silly addNameRange     '2.6.1',
115 silly addNameRange     '2.6.2',
115 silly addNameRange     '2.7.0',
115 silly addNameRange     '2.8.0' ] ]
116 silly addNamed nan@2.8.0
117 verbose addNamed "2.8.0" is a plain semver version for nan
118 silly cache afterAdd nan@2.8.0
119 verbose afterAdd C:\Users\samke\AppData\Roaming\npm-cache\nan\2.8.0\package\package.json not in flight; writing
120 verbose correctMkdir C:\Users\samke\AppData\Roaming\npm-cache correctMkdir not in flight; initializing
121 verbose afterAdd C:\Users\samke\AppData\Roaming\npm-cache\nan\2.8.0\package\package.json written
122 silly loadAllDepsIntoIdealTree Finishing
123 silly loadIdealTree Finishing
124 silly currentTree droplit-plugin-neopixel@0.1.0
124 silly currentTree `-- droplit-plugin@2.0.6
125 silly idealTree droplit-plugin-neopixel@0.1.0
125 silly idealTree +-- droplit-plugin@2.0.6
125 silly idealTree +-- nan@2.8.0
125 silly idealTree `-- rpi-ws281x-native@0.8.2
126 silly generateActionsToTake Starting
127 silly install generateActionsToTake
128 silly generateActionsToTake Finishing
129 silly diffTrees action count 3
130 silly diffTrees add nan@2.8.0
131 silly diffTrees update-linked droplit-plugin@2.0.6
132 silly diffTrees add rpi-ws281x-native@0.8.2
133 silly decomposeActions action count 17
134 silly decomposeActions fetch nan@2.8.0
135 silly decomposeActions extract nan@2.8.0
136 silly decomposeActions test nan@2.8.0
137 silly decomposeActions preinstall nan@2.8.0
138 silly decomposeActions build nan@2.8.0
139 silly decomposeActions install nan@2.8.0
140 silly decomposeActions postinstall nan@2.8.0
141 silly decomposeActions finalize nan@2.8.0
142 silly decomposeActions update-linked droplit-plugin@2.0.6
143 silly decomposeActions fetch rpi-ws281x-native@0.8.2
144 silly decomposeActions extract rpi-ws281x-native@0.8.2
145 silly decomposeActions test rpi-ws281x-native@0.8.2
146 silly decomposeActions preinstall rpi-ws281x-native@0.8.2
147 silly decomposeActions build rpi-ws281x-native@0.8.2
148 silly decomposeActions install rpi-ws281x-native@0.8.2
149 silly decomposeActions postinstall rpi-ws281x-native@0.8.2
150 silly decomposeActions finalize rpi-ws281x-native@0.8.2
151 silly runTopLevelLifecycles Starting
152 silly install runPreinstallTopLevelLifecycles
153 silly preinstall droplit-plugin-neopixel@0.1.0 C:\Users\samke\Documents\Projects\droplit\droplit.io-edge\projects\droplit-plugin-neopixel\droplit-plugin-neopixel-335b9f8b
154 info lifecycle droplit-plugin-neopixel@0.1.0~preinstall: droplit-plugin-neopixel@0.1.0
155 silly lifecycle droplit-plugin-neopixel@0.1.0~preinstall: no script for preinstall, continuing
156 silly executeActions Starting
157 silly install executeActions
158 silly doSerial global-install 0
159 silly doParallel fetch 2
160 verbose correctMkdir C:\Users\samke\AppData\Roaming\npm-cache\_locks correctMkdir not in flight; initializing
161 verbose lock using C:\Users\samke\AppData\Roaming\npm-cache\_locks\staging-840e4c637058bc04.lock for C:\Users\samke\Documents\Projects\droplit\droplit.io-edge\projects\droplit-plugin-neopixel\node_modules\.staging
162 silly doParallel extract 2
163 silly extract nan@2.8.0
164 silly extract rpi-ws281x-native@0.8.2
165 verbose unbuild node_modules\.staging\nan-7328ae9d
166 verbose unbuild node_modules\.staging\rpi-ws281x-native-a1e155d9
167 silly gentlyRm C:\Users\samke\Documents\Projects\droplit\droplit.io-edge\projects\droplit-plugin-neopixel\node_modules\.staging\nan-7328ae9d is being purged from base C:\Users\samke\Documents\Projects\droplit\droplit.io-edge\projects\droplit-plugin-neopixel
168 verbose gentlyRm don't care about contents; nuking C:\Users\samke\Documents\Projects\droplit\droplit.io-edge\projects\droplit-plugin-neopixel\node_modules\.staging\nan-7328ae9d
169 silly gentlyRm C:\Users\samke\Documents\Projects\droplit\droplit.io-edge\projects\droplit-plugin-neopixel\node_modules\.staging\rpi-ws281x-native-a1e155d9 is being purged from base C:\Users\samke\Documents\Projects\droplit\droplit.io-edge\projects\droplit-plugin-neopixel
170 verbose gentlyRm don't care about contents; nuking C:\Users\samke\Documents\Projects\droplit\droplit.io-edge\projects\droplit-plugin-neopixel\node_modules\.staging\rpi-ws281x-native-a1e155d9
171 verbose tar unpack C:\Users\samke\AppData\Roaming\npm-cache\nan\2.8.0\package.tgz
172 verbose tar unpacking to C:\Users\samke\Documents\Projects\droplit\droplit.io-edge\projects\droplit-plugin-neopixel\node_modules\.staging\nan-7328ae9d
173 silly gentlyRm C:\Users\samke\Documents\Projects\droplit\droplit.io-edge\projects\droplit-plugin-neopixel\node_modules\.staging\nan-7328ae9d is being purged
174 verbose gentlyRm don't care about contents; nuking C:\Users\samke\Documents\Projects\droplit\droplit.io-edge\projects\droplit-plugin-neopixel\node_modules\.staging\nan-7328ae9d
175 verbose tar unpack C:\Users\samke\AppData\Roaming\npm-cache\rpi-ws281x-native\0.8.2\package.tgz
176 verbose tar unpacking to C:\Users\samke\Documents\Projects\droplit\droplit.io-edge\projects\droplit-plugin-neopixel\node_modules\.staging\rpi-ws281x-native-a1e155d9
177 silly gentlyRm C:\Users\samke\Documents\Projects\droplit\droplit.io-edge\projects\droplit-plugin-neopixel\node_modules\.staging\rpi-ws281x-native-a1e155d9 is being purged
178 verbose gentlyRm don't care about contents; nuking C:\Users\samke\Documents\Projects\droplit\droplit.io-edge\projects\droplit-plugin-neopixel\node_modules\.staging\rpi-ws281x-native-a1e155d9
179 silly gunzTarPerm modes [ '777', '666' ]
180 silly gunzTarPerm modes [ '777', '666' ]
181 silly gunzTarPerm extractEntry package.json
182 silly gunzTarPerm modified mode [ 'package.json', 436, 438 ]
183 silly gunzTarPerm extractEntry package.json
184 silly gunzTarPerm modified mode [ 'package.json', 420, 438 ]
185 silly gunzTarPerm extractEntry .npmignore
186 silly gunzTarPerm modified mode [ '.npmignore', 420, 438 ]
187 silly gunzTarPerm extractEntry README.md
188 silly gunzTarPerm modified mode [ 'README.md', 420, 438 ]
189 silly gunzTarPerm extractEntry README.md
190 silly gunzTarPerm modified mode [ 'README.md', 436, 438 ]
191 silly gunzTarPerm extractEntry include_dirs.js
192 silly gunzTarPerm modified mode [ 'include_dirs.js', 436, 438 ]
193 silly gunzTarPerm extractEntry LICENSE
194 silly gunzTarPerm modified mode [ 'LICENSE', 420, 438 ]
195 silly gunzTarPerm extractEntry index.js
196 silly gunzTarPerm modified mode [ 'index.js', 420, 438 ]
197 silly gunzTarPerm extractEntry nan_converters_43_inl.h
198 silly gunzTarPerm modified mode [ 'nan_converters_43_inl.h', 436, 438 ]
199 silly gunzTarPerm extractEntry LICENSE.md
200 silly gunzTarPerm modified mode [ 'LICENSE.md', 436, 438 ]
201 silly gunzTarPerm extractEntry doc/new.md
202 silly gunzTarPerm modified mode [ 'doc/new.md', 436, 438 ]
203 silly gunzTarPerm extractEntry doc/asyncworker.md
204 silly gunzTarPerm modified mode [ 'doc/asyncworker.md', 436, 438 ]
205 silly gunzTarPerm extractEntry binding.gyp
206 silly gunzTarPerm modified mode [ 'binding.gyp', 420, 438 ]
207 silly gunzTarPerm extractEntry examples/brightness.js
208 silly gunzTarPerm modified mode [ 'examples/brightness.js', 420, 438 ]
209 silly gunzTarPerm extractEntry doc/callback.md
210 silly gunzTarPerm modified mode [ 'doc/callback.md', 436, 438 ]
211 silly gunzTarPerm extractEntry doc/converters.md
212 silly gunzTarPerm modified mode [ 'doc/converters.md', 436, 438 ]
213 silly gunzTarPerm extractEntry examples/iterate.js
214 silly gunzTarPerm modified mode [ 'examples/iterate.js', 420, 438 ]
215 silly gunzTarPerm extractEntry examples/rainbow.js
216 silly gunzTarPerm modified mode [ 'examples/rainbow.js', 420, 438 ]
217 silly gunzTarPerm extractEntry lib/ws281x-native.js
218 silly gunzTarPerm modified mode [ 'lib/ws281x-native.js', 420, 438 ]
219 silly gunzTarPerm extractEntry doc/errors.md
220 silly gunzTarPerm modified mode [ 'doc/errors.md', 436, 438 ]
221 silly gunzTarPerm extractEntry doc/json.md
222 silly gunzTarPerm modified mode [ 'doc/json.md', 436, 438 ]
223 silly gunzTarPerm extractEntry lib/index-mapping/alternating-matrix.js
224 silly gunzTarPerm modified mode [ 'lib/index-mapping/alternating-matrix.js', 420, 438 ]
225 silly gunzTarPerm extractEntry lib/index-mapping/index.js
226 silly gunzTarPerm modified mode [ 'lib/index-mapping/index.js', 420, 438 ]
227 silly gunzTarPerm extractEntry doc/maybe_types.md
228 silly gunzTarPerm modified mode [ 'doc/maybe_types.md', 436, 438 ]
229 silly gunzTarPerm extractEntry doc/methods.md
230 silly gunzTarPerm modified mode [ 'doc/methods.md', 436, 438 ]
231 silly gunzTarPerm extractEntry lib/index-mapping/mirror-matrix-x.js
232 silly gunzTarPerm modified mode [ 'lib/index-mapping/mirror-matrix-x.js', 420, 438 ]
233 silly gunzTarPerm extractEntry .gitmodules
234 silly gunzTarPerm modified mode [ '.gitmodules', 420, 438 ]
235 silly gunzTarPerm extractEntry doc/buffers.md
236 silly gunzTarPerm modified mode [ 'doc/buffers.md', 436, 438 ]
237 silly gunzTarPerm extractEntry doc/node_misc.md
238 silly gunzTarPerm modified mode [ 'doc/node_misc.md', 436, 438 ]
239 silly gunzTarPerm extractEntry src/rpi-ws281x.cc
240 silly gunzTarPerm modified mode [ 'src/rpi-ws281x.cc', 493, 511 ]
241 silly gunzTarPerm extractEntry src/rpi_ws281x/.npmignore
242 silly gunzTarPerm modified mode [ 'src/rpi_ws281x/.npmignore', 420, 438 ]
243 silly gunzTarPerm extractEntry doc/object_wrappers.md
244 silly gunzTarPerm modified mode [ 'doc/object_wrappers.md', 436, 438 ]
245 silly gunzTarPerm extractEntry doc/persistent.md
246 silly gunzTarPerm modified mode [ 'doc/persistent.md', 436, 438 ]
247 silly gunzTarPerm extractEntry src/rpi_ws281x/README.md
248 silly gunzTarPerm modified mode [ 'src/rpi_ws281x/README.md', 420, 438 ]
249 silly gunzTarPerm extractEntry src/rpi_ws281x/LICENSE
250 silly gunzTarPerm modified mode [ 'src/rpi_ws281x/LICENSE', 420, 438 ]
251 silly gunzTarPerm extractEntry doc/scopes.md
252 silly gunzTarPerm modified mode [ 'doc/scopes.md', 436, 438 ]
253 silly gunzTarPerm extractEntry doc/script.md
254 silly gunzTarPerm modified mode [ 'doc/script.md', 436, 438 ]
255 silly gunzTarPerm extractEntry doc/string_bytes.md
256 silly gunzTarPerm modified mode [ 'doc/string_bytes.md', 436, 438 ]
257 silly gunzTarPerm extractEntry doc/v8_internals.md
258 silly gunzTarPerm modified mode [ 'doc/v8_internals.md', 436, 438 ]
259 silly gunzTarPerm extractEntry src/rpi_ws281x/SConscript
260 silly gunzTarPerm modified mode [ 'src/rpi_ws281x/SConscript', 420, 438 ]
261 silly gunzTarPerm extractEntry src/rpi_ws281x/SConstruct
262 silly gunzTarPerm modified mode [ 'src/rpi_ws281x/SConstruct', 420, 438 ]
263 silly gunzTarPerm extractEntry doc/v8_misc.md
264 silly gunzTarPerm modified mode [ 'doc/v8_misc.md', 436, 438 ]
265 silly gunzTarPerm extractEntry nan.h
266 silly gunzTarPerm modified mode [ 'nan.h', 436, 438 ]
267 silly gunzTarPerm extractEntry src/rpi_ws281x/board_info.c
268 silly gunzTarPerm modified mode [ 'src/rpi_ws281x/board_info.c', 420, 438 ]
269 silly gunzTarPerm extractEntry src/rpi_ws281x/board_info.h
270 silly gunzTarPerm modified mode [ 'src/rpi_ws281x/board_info.h', 420, 438 ]
271 silly gunzTarPerm extractEntry src/rpi_ws281x/clk.h
272 silly gunzTarPerm modified mode [ 'src/rpi_ws281x/clk.h', 420, 438 ]
273 silly gunzTarPerm extractEntry src/rpi_ws281x/dma.c
274 silly gunzTarPerm modified mode [ 'src/rpi_ws281x/dma.c', 420, 438 ]
275 silly gunzTarPerm extractEntry nan_callbacks.h
276 silly gunzTarPerm modified mode [ 'nan_callbacks.h', 436, 438 ]
277 silly gunzTarPerm extractEntry nan_callbacks_12_inl.h
278 silly gunzTarPerm modified mode [ 'nan_callbacks_12_inl.h', 436, 438 ]
279 silly gunzTarPerm extractEntry nan_callbacks_pre_12_inl.h
280 silly gunzTarPerm modified mode [ 'nan_callbacks_pre_12_inl.h', 436, 438 ]
281 silly gunzTarPerm extractEntry nan_converters.h
282 silly gunzTarPerm modified mode [ 'nan_converters.h', 436, 438 ]
283 silly gunzTarPerm extractEntry src/rpi_ws281x/dma.h
284 silly gunzTarPerm modified mode [ 'src/rpi_ws281x/dma.h', 420, 438 ]
285 silly gunzTarPerm extractEntry src/rpi_ws281x/ws2811.h
286 silly gunzTarPerm modified mode [ 'src/rpi_ws281x/ws2811.h', 420, 438 ]
287 silly gunzTarPerm extractEntry nan_converters_pre_43_inl.h
288 silly gunzTarPerm modified mode [ 'nan_converters_pre_43_inl.h', 436, 438 ]
289 silly gunzTarPerm extractEntry src/rpi_ws281x/linux.py
290 silly gunzTarPerm modified mode [ 'src/rpi_ws281x/linux.py', 420, 438 ]
291 silly gunzTarPerm extractEntry src/rpi_ws281x/mailbox.c
292 silly gunzTarPerm modified mode [ 'src/rpi_ws281x/mailbox.c', 420, 438 ]
293 silly gunzTarPerm extractEntry nan_implementation_12_inl.h
294 silly gunzTarPerm modified mode [ 'nan_implementation_12_inl.h', 436, 438 ]
295 silly gunzTarPerm extractEntry nan_implementation_pre_12_inl.h
296 silly gunzTarPerm modified mode [ 'nan_implementation_pre_12_inl.h', 436, 438 ]
297 silly gunzTarPerm extractEntry nan_json.h
298 silly gunzTarPerm modified mode [ 'nan_json.h', 436, 438 ]
299 silly gunzTarPerm extractEntry src/rpi_ws281x/mailbox.h
300 silly gunzTarPerm modified mode [ 'src/rpi_ws281x/mailbox.h', 420, 438 ]
301 silly gunzTarPerm extractEntry src/rpi_ws281x/main.c
302 silly gunzTarPerm modified mode [ 'src/rpi_ws281x/main.c', 420, 438 ]
303 silly gunzTarPerm extractEntry nan_maybe_43_inl.h
304 silly gunzTarPerm modified mode [ 'nan_maybe_43_inl.h', 436, 438 ]
305 silly gunzTarPerm extractEntry nan_maybe_pre_43_inl.h
306 silly gunzTarPerm modified mode [ 'nan_maybe_pre_43_inl.h', 436, 438 ]
307 silly gunzTarPerm extractEntry nan_new.h
308 silly gunzTarPerm modified mode [ 'nan_new.h', 436, 438 ]
309 silly gunzTarPerm extractEntry src/rpi_ws281x/pwm.c
310 silly gunzTarPerm modified mode [ 'src/rpi_ws281x/pwm.c', 420, 438 ]
311 silly gunzTarPerm extractEntry src/rpi_ws281x/pwm.h
312 silly gunzTarPerm modified mode [ 'src/rpi_ws281x/pwm.h', 420, 438 ]
313 silly gunzTarPerm extractEntry nan_object_wrap.h
314 silly gunzTarPerm modified mode [ 'nan_object_wrap.h', 436, 438 ]
315 silly gunzTarPerm extractEntry nan_persistent_12_inl.h
316 silly gunzTarPerm modified mode [ 'nan_persistent_12_inl.h', 436, 438 ]
317 silly gunzTarPerm extractEntry src/rpi_ws281x/python/.npmignore
318 silly gunzTarPerm modified mode [ 'src/rpi_ws281x/python/.npmignore', 420, 438 ]
319 silly gunzTarPerm extractEntry src/rpi_ws281x/python/examples/lowlevel.py
320 silly gunzTarPerm modified mode [ 'src/rpi_ws281x/python/examples/lowlevel.py', 420, 438 ]
321 silly gunzTarPerm extractEntry nan_persistent_pre_12_inl.h
322 silly gunzTarPerm modified mode [ 'nan_persistent_pre_12_inl.h', 436, 438 ]
323 silly gunzTarPerm extractEntry nan_private.h
324 silly gunzTarPerm modified mode [ 'nan_private.h', 436, 438 ]
325 silly gunzTarPerm extractEntry src/rpi_ws281x/python/examples/strandtest.py
326 silly gunzTarPerm modified mode [ 'src/rpi_ws281x/python/examples/strandtest.py', 420, 438 ]
327 silly gunzTarPerm extractEntry src/rpi_ws281x/python/ez_setup.py
328 silly gunzTarPerm modified mode [ 'src/rpi_ws281x/python/ez_setup.py', 420, 438 ]
329 silly gunzTarPerm extractEntry nan_string_bytes.h
330 silly gunzTarPerm modified mode [ 'nan_string_bytes.h', 436, 438 ]
331 silly gunzTarPerm extractEntry nan_typedarray_contents.h
332 silly gunzTarPerm modified mode [ 'nan_typedarray_contents.h', 436, 438 ]
333 silly gunzTarPerm extractEntry src/rpi_ws281x/python/neopixel.py
334 silly gunzTarPerm modified mode [ 'src/rpi_ws281x/python/neopixel.py', 420, 438 ]
335 silly gunzTarPerm extractEntry src/rpi_ws281x/python/rpi_ws281x.i
336 silly gunzTarPerm modified mode [ 'src/rpi_ws281x/python/rpi_ws281x.i', 420, 438 ]
337 silly gunzTarPerm extractEntry nan_weak.h
338 silly gunzTarPerm modified mode [ 'nan_weak.h', 436, 438 ]
339 silly gunzTarPerm extractEntry CHANGELOG.md
340 silly gunzTarPerm modified mode [ 'CHANGELOG.md', 436, 438 ]
341 silly gunzTarPerm extractEntry tools/package.json
342 silly gunzTarPerm modified mode [ 'tools/package.json', 436, 438 ]
343 silly gunzTarPerm extractEntry tools/README.md
344 silly gunzTarPerm modified mode [ 'tools/README.md', 436, 438 ]
345 silly gunzTarPerm extractEntry src/rpi_ws281x/python/setup.py
346 silly gunzTarPerm modified mode [ 'src/rpi_ws281x/python/setup.py', 420, 438 ]
347 silly gunzTarPerm extractEntry src/rpi_ws281x/ws2811.c
348 silly gunzTarPerm modified mode [ 'src/rpi_ws281x/ws2811.c', 420, 438 ]
349 silly gunzTarPerm extractEntry tools/1to2.js
350 silly gunzTarPerm modified mode [ 'tools/1to2.js', 509, 511 ]
351 silly gunzTarPerm extractEntry src/rpi_ws281x/gpio.h
352 silly gunzTarPerm modified mode [ 'src/rpi_ws281x/gpio.h', 420, 438 ]
353 silly gentlyRm C:\Users\samke\Documents\Projects\droplit\droplit.io-edge\projects\droplit-plugin-neopixel\node_modules\.staging\rpi-ws281x-native-a1e155d9\node_modules is being purged
354 verbose gentlyRm don't care about contents; nuking C:\Users\samke\Documents\Projects\droplit\droplit.io-edge\projects\droplit-plugin-neopixel\node_modules\.staging\rpi-ws281x-native-a1e155d9\node_modules
355 silly gentlyRm C:\Users\samke\Documents\Projects\droplit\droplit.io-edge\projects\droplit-plugin-neopixel\node_modules\.staging\nan-7328ae9d\node_modules is being purged
356 verbose gentlyRm don't care about contents; nuking C:\Users\samke\Documents\Projects\droplit\droplit.io-edge\projects\droplit-plugin-neopixel\node_modules\.staging\nan-7328ae9d\node_modules
357 silly doParallel preinstall 2
358 silly preinstall nan@2.8.0 C:\Users\samke\Documents\Projects\droplit\droplit.io-edge\projects\droplit-plugin-neopixel\node_modules\.staging\nan-7328ae9d
359 info lifecycle nan@2.8.0~preinstall: nan@2.8.0
360 silly preinstall rpi-ws281x-native@0.8.2 C:\Users\samke\Documents\Projects\droplit\droplit.io-edge\projects\droplit-plugin-neopixel\node_modules\.staging\rpi-ws281x-native-a1e155d9
361 info lifecycle rpi-ws281x-native@0.8.2~preinstall: rpi-ws281x-native@0.8.2
362 silly lifecycle nan@2.8.0~preinstall: no script for preinstall, continuing
363 silly lifecycle rpi-ws281x-native@0.8.2~preinstall: no script for preinstall, continuing
364 silly doReverseSerial remove 0
365 silly doSerial move 0
366 silly doSerial finalize 2
367 silly finalize C:\Users\samke\Documents\Projects\droplit\droplit.io-edge\projects\droplit-plugin-neopixel\node_modules\nan
368 silly finalize C:\Users\samke\Documents\Projects\droplit\droplit.io-edge\projects\droplit-plugin-neopixel\node_modules\rpi-ws281x-native
369 silly doSerial build 2
370 silly build nan@2.8.0
371 silly build rpi-ws281x-native@0.8.2
372 silly doSerial global-link 0
373 silly doParallel update-linked 1
374 silly doSerial install 2
375 silly install nan@2.8.0 C:\Users\samke\Documents\Projects\droplit\droplit.io-edge\projects\droplit-plugin-neopixel\node_modules\.staging\nan-7328ae9d
376 info lifecycle nan@2.8.0~install: nan@2.8.0
377 silly lifecycle nan@2.8.0~install: no script for install, continuing
378 silly install rpi-ws281x-native@0.8.2 C:\Users\samke\Documents\Projects\droplit\droplit.io-edge\projects\droplit-plugin-neopixel\node_modules\.staging\rpi-ws281x-native-a1e155d9
379 info lifecycle rpi-ws281x-native@0.8.2~install: rpi-ws281x-native@0.8.2
380 verbose lifecycle rpi-ws281x-native@0.8.2~install: unsafe-perm in lifecycle true
381 verbose lifecycle rpi-ws281x-native@0.8.2~install: PATH: C:\Program Files\nodejs\node_modules\npm\bin\node-gyp-bin;C:\Users\samke\Documents\Projects\droplit\droplit.io-edge\projects\droplit-plugin-neopixel\node_modules\rpi-ws281x-native\node_modules\.bin;C:\Users\samke\Documents\Projects\droplit\droplit.io-edge\projects\droplit-plugin-neopixel\node_modules\.bin;C:\Program Files\Git\mingw64\bin;C:\Program Files\Git\usr\bin;C:\Users\samke\bin;C:\Program Files (x86)\Razer Chroma SDK\bin;C:\Program Files\Razer Chroma SDK\bin;C:\Program Files (x86)\Python36-32\Scripts;C:\Program Files (x86)\Python36-32;C:\Windows\system32;C:\Windows;C:\Windows\System32\Wbem;C:\Windows\System32\WindowsPowerShell\v1.0;C:\Program Files (x86)\Skype\Phone;C:\Program Files\Git\cmd;C:\Program Files\nodejs;C:\Program Files\MongoDB\Server\3.4\bin;C:\Program Files\Microsoft VS Code\bin;C:\Program Files (x86)\Bitvise SSH Client;C:\Program Files (x86)\NVIDIA Corporation\PhysX\Common;C:\Windows\system32;C:\Windows;C:\Windows\System32\Wbem;C:\Windows\System32\WindowsPowerShell\v1.0;C:\Users\samke\AppData\Local\Microsoft\WindowsApps;C:\Users\samke\AppData\Roaming\npm;C:\Users\samke\AppData\Roaming\Dashlane\5.3.2.14186\bin\Firefox_Extension\{442718d9-475e-452a-b3e1-fb1ee16b8e9f}\components;C:\Users\samke\AppData\Roaming\Dashlane\5.3.2.14186\ucrt;C:\Users\samke\AppData\Local\Microsoft\WindowsApps;C:\Program Files\Microsoft VS Code\bin;C:\Users\samke\AppData\Roaming\npm;C:\Users\samke\AppData\Roaming\Dashlane\5.3.2.14186\bin\Firefox_Extension\{442718d9-475e-452a-b3e1-fb1ee16b8e9f}\components;C:\Users\samke\AppData\Roaming\Dashlane\5.3.2.14186\ucrt
382 verbose lifecycle rpi-ws281x-native@0.8.2~install: CWD: C:\Users\samke\Documents\Projects\droplit\droplit.io-edge\projects\droplit-plugin-neopixel\node_modules\rpi-ws281x-native
383 silly lifecycle rpi-ws281x-native@0.8.2~install: Args: [ '/d /s /c', 'node-gyp rebuild' ]
384 silly lifecycle rpi-ws281x-native@0.8.2~install: Returned: code: 1  signal: null
385 info lifecycle rpi-ws281x-native@0.8.2~install: Failed to exec install script
386 verbose unlock done using C:\Users\samke\AppData\Roaming\npm-cache\_locks\staging-840e4c637058bc04.lock for C:\Users\samke\Documents\Projects\droplit\droplit.io-edge\projects\droplit-plugin-neopixel\node_modules\.staging
387 silly rollbackFailedOptional Starting
388 silly rollbackFailedOptional Finishing
389 silly runTopLevelLifecycles Finishing
390 silly install printInstalled
391 warn droplit-plugin-neopixel@0.1.0 No repository field.
392 verbose If you need help, you may report this error at:
392 verbose     <https://github.com/npm/npm/issues>
393 warn droplit-plugin-neopixel@0.1.0 No license field.
394 verbose If you need help, you may report this error at:
394 verbose     <https://github.com/npm/npm/issues>
395 verbose stack Error: rpi-ws281x-native@0.8.2 install: `node-gyp rebuild`
395 verbose stack Exit status 1
395 verbose stack     at EventEmitter.<anonymous> (C:\Program Files\nodejs\node_modules\npm\lib\utils\lifecycle.js:255:16)
395 verbose stack     at emitTwo (events.js:106:13)
395 verbose stack     at EventEmitter.emit (events.js:191:7)
395 verbose stack     at ChildProcess.<anonymous> (C:\Program Files\nodejs\node_modules\npm\lib\utils\spawn.js:40:14)
395 verbose stack     at emitTwo (events.js:106:13)
395 verbose stack     at ChildProcess.emit (events.js:191:7)
395 verbose stack     at maybeClose (internal/child_process.js:891:16)
395 verbose stack     at Process.ChildProcess._handle.onexit (internal/child_process.js:226:5)
396 verbose pkgid rpi-ws281x-native@0.8.2
397 verbose cwd C:\Users\samke\Documents\Projects\droplit\droplit.io-edge\projects\droplit-plugin-neopixel
398 error Windows_NT 10.0.16299
399 error argv "C:\\Program Files\\nodejs\\node.exe" "C:\\Program Files\\nodejs\\node_modules\\npm\\bin\\npm-cli.js" "link" "--no-bin-links"
400 error node v6.11.2
401 error npm  v3.10.10
402 error code ELIFECYCLE
403 error rpi-ws281x-native@0.8.2 install: `node-gyp rebuild`
403 error Exit status 1
404 error Failed at the rpi-ws281x-native@0.8.2 install script 'node-gyp rebuild'.
404 error Make sure you have the latest version of node.js and npm installed.
404 error If you do, this is most likely a problem with the rpi-ws281x-native package,
404 error not with npm itself.
404 error Tell the author that this fails on your system:
404 error     node-gyp rebuild
404 error You can get information on how to open an issue for this project with:
404 error     npm bugs rpi-ws281x-native
404 error Or if that isn't available, you can get their info via:
404 error     npm owner ls rpi-ws281x-native
404 error There is likely additional logging output above.
405 verbose exit [ 1, true ]
